<?xml version="1.0" encoding="UTF-8" ?>
<testsuite tests="5" failures="0" name="Joust.AuthorizationTest" time="175.779" errors="4" skipped="0">
  <properties>
[...]
</properties>
  <testcase classname="Joust.AuthorizationTest" name="sign_up_via_facebook" time="43.93"/>
  <testcase classname="Joust.AuthorizationTest" name="sign_up_with_email" time="33.36">
    <error message="Timed out after 30 seconds waiting for net.thucydides.core.pages.WebElementFacadeImpl$4@24f360b2
Build info: version: &apos;2.43.1&apos;, revision: &apos;5163bceef1bc36d43f3dc0b83c88998168a363a0&apos;, time: &apos;2014-09-10 09:43:55&apos;
System info: host: &apos;zhanna-laptop&apos;, ip: &apos;10.1.7.222&apos;, os.name: &apos;Windows 7&apos;, os.arch: &apos;amd64&apos;, os.version: &apos;6.1&apos;, java.version: &apos;1.8.0_25&apos;
Driver info: driver.version: unknown
Build info: version: &apos;2.43.1&apos;, revision: &apos;5163bceef1bc36d43f3dc0b83c88998168a363a0&apos;, time: &apos;2014-09-10 09:43:55&apos;
System info: host: &apos;zhanna-laptop&apos;, ip: &apos;10.1.7.222&apos;, os.name: &apos;Windows 7&apos;, os.arch: &apos;amd64&apos;, os.version: &apos;6.1&apos;, java.version: &apos;1.8.0_25&apos;
Driver info: driver.version: unknown" type="org.openqa.selenium.TimeoutException">org.openqa.selenium.TimeoutException: Timed out after 30 seconds waiting for net.thucydides.core.pages.WebElementFacadeImpl$4@24f360b2
Build info: version: &apos;2.43.1&apos;, revision: &apos;5163bceef1bc36d43f3dc0b83c88998168a363a0&apos;, time: &apos;2014-09-10 09:43:55&apos;
System info: host: &apos;zhanna-laptop&apos;, ip: &apos;10.1.7.222&apos;, os.name: &apos;Windows 7&apos;, os.arch: &apos;amd64&apos;, os.version: &apos;6.1&apos;, java.version: &apos;1.8.0_25&apos;
Driver info: driver.version: unknown
Build info: version: &apos;2.43.1&apos;, revision: &apos;5163bceef1bc36d43f3dc0b83c88998168a363a0&apos;, time: &apos;2014-09-10 09:43:55&apos;
System info: host: &apos;zhanna-laptop&apos;, ip: &apos;10.1.7.222&apos;, os.name: &apos;Windows 7&apos;, os.arch: &apos;amd64&apos;, os.version: &apos;6.1&apos;, java.version: &apos;1.8.0_25&apos;
Driver info: driver.version: unknown
	at com.sun.proxy.$Proxy18.type(Unknown Source)
	at Joust.pages.SignUpPage.enter_email(SignUpPage.java:75)
	at Joust.steps.EndUserSteps.enters_users_credentials(EndUserSteps.java:78)
	at Joust.AuthorizationTest.sign_up_with_email(AuthorizationTest.java:69)
</error>
    <system-out>org.openqa.selenium.TimeoutException: Timed out after 30 seconds waiting for net.thucydides.core.pages.WebElementFacadeImpl$4@24f360b2
Build info: version: &apos;2.43.1&apos;, revision: &apos;5163bceef1bc36d43f3dc0b83c88998168a363a0&apos;, time: &apos;2014-09-10 09:43:55&apos;
System info: host: &apos;zhanna-laptop&apos;, ip: &apos;10.1.7.222&apos;, os.name: &apos;Windows 7&apos;, os.arch: &apos;amd64&apos;, os.version: &apos;6.1&apos;, java.version: &apos;1.8.0_25&apos;
Driver info: driver.version: unknown
Build info: version: &apos;2.43.1&apos;, revision: &apos;5163bceef1bc36d43f3dc0b83c88998168a363a0&apos;, time: &apos;2014-09-10 09:43:55&apos;
System info: host: &apos;zhanna-laptop&apos;, ip: &apos;10.1.7.222&apos;, os.name: &apos;Windows 7&apos;, os.arch: &apos;amd64&apos;, os.version: &apos;6.1&apos;, java.version: &apos;1.8.0_25&apos;
Driver info: driver.version: unknown
</system-out>
    <system-err>44288 [main] INFO net.thucydides.core.Thucydides - Test Suite Started: Authorization test
44303 [main] INFO net.thucydides.core.Thucydides - 
  _____ _____ ____ _____   ____ _____  _    ____ _____ _____ ____  
 |_   _| ____/ ___|_   _| / ___|_   _|/ \  |  _ \_   _| ____|  _ \ 
   | | |  _| \___ \ | |   \___ \ | | / _ \ | |_) || | |  _| | | | |
   | | | |___ ___) || |    ___) || |/ ___ \|  _ &lt; | | | |___| |_| |
   |_| |_____|____/ |_|   |____/ |_/_/   \_\_| \_\|_| |_____|____/ 
                                                                   

TEST STARTED: sign_up_with_email
--------------------------------------------------------------------
44303 [main] INFO net.thucydides.core.Thucydides - TEST NUMBER: 2
44791 [main] INFO net.thucydides.core.steps.StepInterceptor - STARTING STEP: is_the_sign_up_page
46708 [main] INFO net.thucydides.core.steps.StepInterceptor - STEP DONE: is_the_sign_up_page
46769 [main] INFO net.thucydides.core.steps.StepInterceptor - STARTING STEP: enters_users_credentials
77481 [main] INFO net.thucydides.core.steps.StepInterceptor - STEP FAILED: enters_users_credentials - Expected enabled element was not enabled
Build info: version: &apos;2.43.1&apos;, revision: &apos;5163bceef1bc36d43f3dc0b83c88998168a363a0&apos;, time: &apos;2014-09-10 09:43:55&apos;
System info: host: &apos;zhanna-laptop&apos;, ip: &apos;10.1.7.222&apos;, os.name: &apos;Windows 7&apos;, os.arch: &apos;amd64&apos;, os.version: &apos;6.1&apos;, java.version: &apos;1.8.0_25&apos;
Driver info: driver.version: unknown
77560 [main] INFO net.thucydides.core.steps.StepInterceptor - SKIPPED STEP: enters_first_last_names
77606 [main] INFO net.thucydides.core.steps.StepInterceptor - SKIPPED STEP: should_be_logged_in
</system-err>
  </testcase>
  <testcase classname="Joust.AuthorizationTest" name="log_in_via_email" time="33.476">
    <error message="Timed out after 30 seconds waiting for net.thucydides.core.pages.WebElementFacadeImpl$4@2ca47471
Build info: version: &apos;2.43.1&apos;, revision: &apos;5163bceef1bc36d43f3dc0b83c88998168a363a0&apos;, time: &apos;2014-09-10 09:43:55&apos;
System info: host: &apos;zhanna-laptop&apos;, ip: &apos;10.1.7.222&apos;, os.name: &apos;Windows 7&apos;, os.arch: &apos;amd64&apos;, os.version: &apos;6.1&apos;, java.version: &apos;1.8.0_25&apos;
Driver info: driver.version: unknown
Build info: version: &apos;2.43.1&apos;, revision: &apos;5163bceef1bc36d43f3dc0b83c88998168a363a0&apos;, time: &apos;2014-09-10 09:43:55&apos;
System info: host: &apos;zhanna-laptop&apos;, ip: &apos;10.1.7.222&apos;, os.name: &apos;Windows 7&apos;, os.arch: &apos;amd64&apos;, os.version: &apos;6.1&apos;, java.version: &apos;1.8.0_25&apos;
Driver info: driver.version: unknown" type="org.openqa.selenium.TimeoutException">org.openqa.selenium.TimeoutException: Timed out after 30 seconds waiting for net.thucydides.core.pages.WebElementFacadeImpl$4@2ca47471
Build info: version: &apos;2.43.1&apos;, revision: &apos;5163bceef1bc36d43f3dc0b83c88998168a363a0&apos;, time: &apos;2014-09-10 09:43:55&apos;
System info: host: &apos;zhanna-laptop&apos;, ip: &apos;10.1.7.222&apos;, os.name: &apos;Windows 7&apos;, os.arch: &apos;amd64&apos;, os.version: &apos;6.1&apos;, java.version: &apos;1.8.0_25&apos;
Driver info: driver.version: unknown
Build info: version: &apos;2.43.1&apos;, revision: &apos;5163bceef1bc36d43f3dc0b83c88998168a363a0&apos;, time: &apos;2014-09-10 09:43:55&apos;
System info: host: &apos;zhanna-laptop&apos;, ip: &apos;10.1.7.222&apos;, os.name: &apos;Windows 7&apos;, os.arch: &apos;amd64&apos;, os.version: &apos;6.1&apos;, java.version: &apos;1.8.0_25&apos;
Driver info: driver.version: unknown
	at com.sun.proxy.$Proxy18.type(Unknown Source)
	at Joust.pages.LoginPage.enter_username(LoginPage.java:33)
	at Joust.steps.EndUserSteps.logs_in(EndUserSteps.java:31)
	at Joust.AuthorizationTest.log_in_via_email(AuthorizationTest.java:38)
</error>
    <system-out>org.openqa.selenium.TimeoutException: Timed out after 30 seconds waiting for net.thucydides.core.pages.WebElementFacadeImpl$4@2ca47471
Build info: version: &apos;2.43.1&apos;, revision: &apos;5163bceef1bc36d43f3dc0b83c88998168a363a0&apos;, time: &apos;2014-09-10 09:43:55&apos;
System info: host: &apos;zhanna-laptop&apos;, ip: &apos;10.1.7.222&apos;, os.name: &apos;Windows 7&apos;, os.arch: &apos;amd64&apos;, os.version: &apos;6.1&apos;, java.version: &apos;1.8.0_25&apos;
Driver info: driver.version: unknown
Build info: version: &apos;2.43.1&apos;, revision: &apos;5163bceef1bc36d43f3dc0b83c88998168a363a0&apos;, time: &apos;2014-09-10 09:43:55&apos;
System info: host: &apos;zhanna-laptop&apos;, ip: &apos;10.1.7.222&apos;, os.name: &apos;Windows 7&apos;, os.arch: &apos;amd64&apos;, os.version: &apos;6.1&apos;, java.version: &apos;1.8.0_25&apos;
Driver info: driver.version: unknown
</system-out>
    <system-err>77638 [main] INFO net.thucydides.core.Thucydides - Test Suite Started: Authorization test
77638 [main] INFO net.thucydides.core.Thucydides - 
  _____ _____ ____ _____   ____ _____  _    ____ _____ _____ ____  
 |_   _| ____/ ___|_   _| / ___|_   _|/ \  |  _ \_   _| ____|  _ \ 
   | | |  _| \___ \ | |   \___ \ | | / _ \ | |_) || | |  _| | | | |
   | | | |___ ___) || |    ___) || |/ ___ \|  _ &lt; | | | |___| |_| |
   |_| |_____|____/ |_|   |____/ |_/_/   \_\_| \_\|_| |_____|____/ 
                                                                   

TEST STARTED: log_in_via_email
--------------------------------------------------------------------
77638 [main] INFO net.thucydides.core.Thucydides - TEST NUMBER: 3
78066 [main] INFO net.thucydides.core.steps.StepInterceptor - STARTING STEP: is_the_login_page
80768 [main] INFO net.thucydides.core.steps.StepInterceptor - STEP DONE: is_the_login_page
80868 [main] INFO net.thucydides.core.steps.StepInterceptor - STARTING STEP: logs_in
111122 [main] INFO net.thucydides.core.steps.StepInterceptor - STEP FAILED: logs_in - Expected enabled element was not enabled
Build info: version: &apos;2.43.1&apos;, revision: &apos;5163bceef1bc36d43f3dc0b83c88998168a363a0&apos;, time: &apos;2014-09-10 09:43:55&apos;
System info: host: &apos;zhanna-laptop&apos;, ip: &apos;10.1.7.222&apos;, os.name: &apos;Windows 7&apos;, os.arch: &apos;amd64&apos;, os.version: &apos;6.1&apos;, java.version: &apos;1.8.0_25&apos;
Driver info: driver.version: unknown
111125 [main] INFO net.thucydides.core.steps.StepInterceptor - SKIPPED STEP: should_be_logged_in
</system-err>
  </testcase>
  <testcase classname="Joust.AuthorizationTest" name="sign_up_as_guest" time="31.87">
    <error message="Timed out after 30 seconds waiting for net.thucydides.core.pages.WebElementFacadeImpl$4@5bbc9f97
Build info: version: &apos;2.43.1&apos;, revision: &apos;5163bceef1bc36d43f3dc0b83c88998168a363a0&apos;, time: &apos;2014-09-10 09:43:55&apos;
System info: host: &apos;zhanna-laptop&apos;, ip: &apos;10.1.7.222&apos;, os.name: &apos;Windows 7&apos;, os.arch: &apos;amd64&apos;, os.version: &apos;6.1&apos;, java.version: &apos;1.8.0_25&apos;
Driver info: driver.version: unknown
Build info: version: &apos;2.43.1&apos;, revision: &apos;5163bceef1bc36d43f3dc0b83c88998168a363a0&apos;, time: &apos;2014-09-10 09:43:55&apos;
System info: host: &apos;zhanna-laptop&apos;, ip: &apos;10.1.7.222&apos;, os.name: &apos;Windows 7&apos;, os.arch: &apos;amd64&apos;, os.version: &apos;6.1&apos;, java.version: &apos;1.8.0_25&apos;
Driver info: driver.version: unknown" type="org.openqa.selenium.TimeoutException">org.openqa.selenium.TimeoutException: Timed out after 30 seconds waiting for net.thucydides.core.pages.WebElementFacadeImpl$4@5bbc9f97
Build info: version: &apos;2.43.1&apos;, revision: &apos;5163bceef1bc36d43f3dc0b83c88998168a363a0&apos;, time: &apos;2014-09-10 09:43:55&apos;
System info: host: &apos;zhanna-laptop&apos;, ip: &apos;10.1.7.222&apos;, os.name: &apos;Windows 7&apos;, os.arch: &apos;amd64&apos;, os.version: &apos;6.1&apos;, java.version: &apos;1.8.0_25&apos;
Driver info: driver.version: unknown
Build info: version: &apos;2.43.1&apos;, revision: &apos;5163bceef1bc36d43f3dc0b83c88998168a363a0&apos;, time: &apos;2014-09-10 09:43:55&apos;
System info: host: &apos;zhanna-laptop&apos;, ip: &apos;10.1.7.222&apos;, os.name: &apos;Windows 7&apos;, os.arch: &apos;amd64&apos;, os.version: &apos;6.1&apos;, java.version: &apos;1.8.0_25&apos;
Driver info: driver.version: unknown
	at com.sun.proxy.$Proxy18.click(Unknown Source)
	at Joust.pages.SignUpPage.click_on_guest_mode_link(SignUpPage.java:52)
	at Joust.steps.EndUserSteps.signs_up_as_guest(EndUserSteps.java:56)
	at Joust.AuthorizationTest.sign_up_as_guest(AuthorizationTest.java:46)
</error>
    <system-out>org.openqa.selenium.TimeoutException: Timed out after 30 seconds waiting for net.thucydides.core.pages.WebElementFacadeImpl$4@5bbc9f97
Build info: version: &apos;2.43.1&apos;, revision: &apos;5163bceef1bc36d43f3dc0b83c88998168a363a0&apos;, time: &apos;2014-09-10 09:43:55&apos;
System info: host: &apos;zhanna-laptop&apos;, ip: &apos;10.1.7.222&apos;, os.name: &apos;Windows 7&apos;, os.arch: &apos;amd64&apos;, os.version: &apos;6.1&apos;, java.version: &apos;1.8.0_25&apos;
Driver info: driver.version: unknown
Build info: version: &apos;2.43.1&apos;, revision: &apos;5163bceef1bc36d43f3dc0b83c88998168a363a0&apos;, time: &apos;2014-09-10 09:43:55&apos;
System info: host: &apos;zhanna-laptop&apos;, ip: &apos;10.1.7.222&apos;, os.name: &apos;Windows 7&apos;, os.arch: &apos;amd64&apos;, os.version: &apos;6.1&apos;, java.version: &apos;1.8.0_25&apos;
Driver info: driver.version: unknown
</system-out>
    <system-err>111142 [main] INFO net.thucydides.core.Thucydides - Test Suite Started: Authorization test
111143 [main] INFO net.thucydides.core.Thucydides - 
  _____ _____ ____ _____   ____ _____  _    ____ _____ _____ ____  
 |_   _| ____/ ___|_   _| / ___|_   _|/ \  |  _ \_   _| ____|  _ \ 
   | | |  _| \___ \ | |   \___ \ | | / _ \ | |_) || | |  _| | | | |
   | | | |___ ___) || |    ___) || |/ ___ \|  _ &lt; | | | |___| |_| |
   |_| |_____|____/ |_|   |____/ |_/_/   \_\_| \_\|_| |_____|____/ 
                                                                   

TEST STARTED: sign_up_as_guest
--------------------------------------------------------------------
111143 [main] INFO net.thucydides.core.Thucydides - TEST NUMBER: 4
111218 [main] INFO net.thucydides.core.steps.StepInterceptor - STARTING STEP: is_the_sign_up_page
112439 [main] INFO net.thucydides.core.steps.StepInterceptor - STEP DONE: is_the_sign_up_page
112524 [main] INFO net.thucydides.core.steps.StepInterceptor - STARTING STEP: signs_up_as_guest
142995 [main] INFO net.thucydides.core.steps.StepInterceptor - STEP FAILED: signs_up_as_guest - Expected enabled element was not enabled
Build info: version: &apos;2.43.1&apos;, revision: &apos;5163bceef1bc36d43f3dc0b83c88998168a363a0&apos;, time: &apos;2014-09-10 09:43:55&apos;
System info: host: &apos;zhanna-laptop&apos;, ip: &apos;10.1.7.222&apos;, os.name: &apos;Windows 7&apos;, os.arch: &apos;amd64&apos;, os.version: &apos;6.1&apos;, java.version: &apos;1.8.0_25&apos;
Driver info: driver.version: unknown
142999 [main] INFO net.thucydides.core.steps.StepInterceptor - SKIPPED STEP: should_be_logged_in
</system-err>
  </testcase>
  <testcase classname="Joust.AuthorizationTest" name="sign_up_via_fb_from_banner" time="33.143">
    <error message="Timed out after 30 seconds waiting for net.thucydides.core.pages.WebElementFacadeImpl$4@2c444798
Build info: version: &apos;2.43.1&apos;, revision: &apos;5163bceef1bc36d43f3dc0b83c88998168a363a0&apos;, time: &apos;2014-09-10 09:43:55&apos;
System info: host: &apos;zhanna-laptop&apos;, ip: &apos;10.1.7.222&apos;, os.name: &apos;Windows 7&apos;, os.arch: &apos;amd64&apos;, os.version: &apos;6.1&apos;, java.version: &apos;1.8.0_25&apos;
Driver info: driver.version: unknown
Build info: version: &apos;2.43.1&apos;, revision: &apos;5163bceef1bc36d43f3dc0b83c88998168a363a0&apos;, time: &apos;2014-09-10 09:43:55&apos;
System info: host: &apos;zhanna-laptop&apos;, ip: &apos;10.1.7.222&apos;, os.name: &apos;Windows 7&apos;, os.arch: &apos;amd64&apos;, os.version: &apos;6.1&apos;, java.version: &apos;1.8.0_25&apos;
Driver info: driver.version: unknown" type="org.openqa.selenium.TimeoutException">org.openqa.selenium.TimeoutException: Timed out after 30 seconds waiting for net.thucydides.core.pages.WebElementFacadeImpl$4@2c444798
Build info: version: &apos;2.43.1&apos;, revision: &apos;5163bceef1bc36d43f3dc0b83c88998168a363a0&apos;, time: &apos;2014-09-10 09:43:55&apos;
System info: host: &apos;zhanna-laptop&apos;, ip: &apos;10.1.7.222&apos;, os.name: &apos;Windows 7&apos;, os.arch: &apos;amd64&apos;, os.version: &apos;6.1&apos;, java.version: &apos;1.8.0_25&apos;
Driver info: driver.version: unknown
Build info: version: &apos;2.43.1&apos;, revision: &apos;5163bceef1bc36d43f3dc0b83c88998168a363a0&apos;, time: &apos;2014-09-10 09:43:55&apos;
System info: host: &apos;zhanna-laptop&apos;, ip: &apos;10.1.7.222&apos;, os.name: &apos;Windows 7&apos;, os.arch: &apos;amd64&apos;, os.version: &apos;6.1&apos;, java.version: &apos;1.8.0_25&apos;
Driver info: driver.version: unknown
	at com.sun.proxy.$Proxy18.click(Unknown Source)
	at Joust.pages.SignUpPage.click_on_guest_mode_link(SignUpPage.java:52)
	at Joust.steps.EndUserSteps.signs_up_as_guest(EndUserSteps.java:56)
	at Joust.AuthorizationTest.sign_up_via_fb_from_banner(AuthorizationTest.java:61)
</error>
    <system-out>org.openqa.selenium.TimeoutException: Timed out after 30 seconds waiting for net.thucydides.core.pages.WebElementFacadeImpl$4@2c444798
Build info: version: &apos;2.43.1&apos;, revision: &apos;5163bceef1bc36d43f3dc0b83c88998168a363a0&apos;, time: &apos;2014-09-10 09:43:55&apos;
System info: host: &apos;zhanna-laptop&apos;, ip: &apos;10.1.7.222&apos;, os.name: &apos;Windows 7&apos;, os.arch: &apos;amd64&apos;, os.version: &apos;6.1&apos;, java.version: &apos;1.8.0_25&apos;
Driver info: driver.version: unknown
Build info: version: &apos;2.43.1&apos;, revision: &apos;5163bceef1bc36d43f3dc0b83c88998168a363a0&apos;, time: &apos;2014-09-10 09:43:55&apos;
System info: host: &apos;zhanna-laptop&apos;, ip: &apos;10.1.7.222&apos;, os.name: &apos;Windows 7&apos;, os.arch: &apos;amd64&apos;, os.version: &apos;6.1&apos;, java.version: &apos;1.8.0_25&apos;
Driver info: driver.version: unknown
</system-out>
    <system-err>143013 [main] INFO net.thucydides.core.Thucydides - Test Suite Started: Authorization test
143014 [main] INFO net.thucydides.core.Thucydides - 
  _____ _____ ____ _____   ____ _____  _    ____ _____ _____ ____  
 |_   _| ____/ ___|_   _| / ___|_   _|/ \  |  _ \_   _| ____|  _ \ 
   | | |  _| \___ \ | |   \___ \ | | / _ \ | |_) || | |  _| | | | |
   | | | |___ ___) || |    ___) || |/ ___ \|  _ &lt; | | | |___| |_| |
   |_| |_____|____/ |_|   |____/ |_/_/   \_\_| \_\|_| |_____|____/ 
                                                                   

TEST STARTED: sign_up_via_fb_from_banner
--------------------------------------------------------------------
143014 [main] INFO net.thucydides.core.Thucydides - TEST NUMBER: 5
143584 [main] INFO net.thucydides.core.steps.StepInterceptor - STARTING STEP: is_the_sign_up_page
145427 [main] INFO net.thucydides.core.steps.StepInterceptor - STEP DONE: is_the_sign_up_page
145513 [main] INFO net.thucydides.core.steps.StepInterceptor - STARTING STEP: signs_up_as_guest
176104 [main] INFO net.thucydides.core.steps.StepInterceptor - STEP FAILED: signs_up_as_guest - Expected enabled element was not enabled
Build info: version: &apos;2.43.1&apos;, revision: &apos;5163bceef1bc36d43f3dc0b83c88998168a363a0&apos;, time: &apos;2014-09-10 09:43:55&apos;
System info: host: &apos;zhanna-laptop&apos;, ip: &apos;10.1.7.222&apos;, os.name: &apos;Windows 7&apos;, os.arch: &apos;amd64&apos;, os.version: &apos;6.1&apos;, java.version: &apos;1.8.0_25&apos;
Driver info: driver.version: unknown
176164 [main] INFO net.thucydides.core.steps.StepInterceptor - SKIPPED STEP: signs_up_with_facebook_from_banner
176166 [main] INFO net.thucydides.core.steps.StepInterceptor - SKIPPED STEP: should_be_logged_in
</system-err>
  </testcase>
</testsuite>